DHE-RSA-DES-CBC3-SHA
ECDHE-RSA-DES-CBC3-SHA
AES128-CCM
AES128-CCM8
AES128-GCM-SHA256
AES128-SHA
AES128-SHA256
AES256-CCM
AES256-CCM8
AES256-GCM-SHA384
AES256-SHA
AES256-SHA256
CAMELLIA128-SHA
CAMELLIA128-SHA256
CAMELLIA256-SHA
CAMELLIA256-SHA256
DHE-RSA-AES128-SHA
DHE-RSA-AES128-SHA256
DHE-RSA-AES256-SHA
DHE-RSA-AES256-SHA256
ECDHE-RSA-AES128-SHA
ECDHE-RSA-AES128-SHA256
ECDHE-RSA-AES256-SHA
ECDHE-RSA-AES256-SHA384
ECDHE-RSA-CAMELLIA128-SHA256
ECDHE-RSA-CAMELLIA256-SHA384
IDEA-CBC-SHA
SEED-SHA
ECDHE-ECDSA-AES128-SHA
ECDHE-ECDSA-AES256-SHA